<?xml version="1.0" encoding="UTF-8"?>
<!-- Generated by org.testng.reporters.JUnitReportReporter -->
<testsuite hostname="DESKTOP-7CBIM10" failures="0" tests="1" name="TBG.Collaterate.AppTest" time="0.027" errors="0" timestamp="2021-02-11T17:45:18 IST" skipped="0">
  <testcase classname="TBG.Collaterate.AppTest" name="shouldAnswerWithTrue" time="0.027"/>
  <system-out/>
</testsuite> <!-- TBG.Collaterate.AppTest -->
